This file contains any messages produced by compilers while
running configure, to aid debugging if configure makes a mistake.

It was created by libmpq configure 0.4.2, which was
generated by GNU Autoconf 2.68.  Invocation command line was

  $ ./configure 

## --------- ##
## Platform. ##
## --------- ##

hostname = Bohr
uname -m = i686
uname -r = 2.6.38-2-686-bigmem
uname -s = Linux
uname -v = #1 SMP Thu Apr 7 06:05:53 UTC 2011

/usr/bin/uname -p = unknown
/bin/uname -X     = unknown

/bin/arch              = unknown
/usr/bin/arch -k       = unknown
/usr/convex/getsysinfo = unknown
/usr/bin/hostinfo      = unknown
/bin/machine           = unknown
/usr/bin/oslevel       = unknown
/bin/universe          = unknown

PATH: /usr/local/bin
PATH: /usr/bin
PATH: /bin
PATH: /usr/local/games
PATH: /usr/games


## ----------- ##
## Core tests. ##
## ----------- ##

configure:2219: checking build system type
configure:2233: result: i686-pc-linux-gnu
configure:2253: checking host system type
configure:2266: result: i686-pc-linux-gnu
configure:2286: checking target system type
configure:2299: result: i686-pc-linux-gnu
configure:2344: checking for a BSD-compatible install
configure:2412: result: /usr/bin/install -c
configure:2423: checking whether build environment is sane
configure:2473: result: yes
configure:2614: checking for a thread-safe mkdir -p
configure:2653: result: /bin/mkdir -p
configure:2666: checking for gawk
configure:2696: result: no
configure:2666: checking for mawk
configure:2682: found /usr/bin/mawk
configure:2693: result: mawk
configure:2704: checking whether make sets $(MAKE)
configure:2726: result: yes
configure:2860: checking how to print strings
configure:2887: result: printf
configure:2956: checking for gcc
configure:2972: found /usr/bin/gcc
configure:2983: result: gcc
configure:3212: checking for C compiler version
configure:3221: gcc --version >&5
gcc (Debian 4.4.5-15) 4.4.5
Copyright (C) 2010 Free Software Foundation, Inc.
This is free software; see the source for copying conditions.  There is NO
warranty; not even for MERCHANTABILITY or FITNESS FOR A PARTICULAR PURPOSE.

configure:3232: $? = 0
configure:3221: gcc -v >&5
Using built-in specs.
Target: i486-linux-gnu
Configured with: ../src/configure -v --with-pkgversion='Debian 4.4.5-15' --with-bugurl=file:///usr/share/doc/gcc-4.4/README.Bugs --enable-languages=c,c++,fortran,objc,obj-c++ --prefix=/usr --program-suffix=-4.4 --enable-shared --enable-multiarch --enable-linker-build-id --with-system-zlib --libexecdir=/usr/lib --without-included-gettext --enable-threads=posix --with-gxx-include-dir=/usr/include/c++/4.4 --libdir=/usr/lib --enable-nls --enable-clocale=gnu --enable-libstdcxx-debug --enable-objc-gc --enable-targets=all --with-arch-32=i586 --with-tune=generic --enable-checking=release --build=i486-linux-gnu --host=i486-linux-gnu --target=i486-linux-gnu
Thread model: posix
gcc version 4.4.5 (Debian 4.4.5-15) 
configure:3232: $? = 0
configure:3221: gcc -V >&5
gcc: '-V' option must have argument
configure:3232: $? = 1
configure:3221: gcc -qversion >&5
gcc: unrecognized option '-qversion'
gcc: no input files
configure:3232: $? = 1
configure:3252: checking whether the C compiler works
configure:3274: gcc    conftest.c  >&5
configure:3278: $? = 0
configure:3326: result: yes
configure:3329: checking for C compiler default output file name
configure:3331: result: a.out
configure:3337: checking for suffix of executables
configure:3344: gcc -o conftest    conftest.c  >&5
configure:3348: $? = 0
configure:3370: result: 
configure:3392: checking whether we are cross compiling
configure:3400: gcc -o conftest    conftest.c  >&5
configure:3404: $? = 0
configure:3411: ./conftest
configure:3415: $? = 0
configure:3430: result: no
configure:3435: checking for suffix of object files
configure:3457: gcc -c   conftest.c >&5
configure:3461: $? = 0
configure:3482: result: o
configure:3486: checking whether we are using the GNU C compiler
configure:3505: gcc -c   conftest.c >&5
configure:3505: $? = 0
configure:3514: result: yes
configure:3523: checking whether gcc accepts -g
configure:3543: gcc -c -g  conftest.c >&5
configure:3543: $? = 0
configure:3584: result: yes
configure:3601: checking for gcc option to accept ISO C89
configure:3665: gcc  -c -g -O2  conftest.c >&5
configure:3665: $? = 0
configure:3678: result: none needed
configure:3698: checking for a sed that does not truncate output
configure:3762: result: /bin/sed
configure:3780: checking for grep that handles long lines and -e
configure:3838: result: /bin/grep
configure:3843: checking for egrep
configure:3905: result: /bin/grep -E
configure:3910: checking for fgrep
configure:3972: result: /bin/grep -F
configure:4007: checking for ld used by gcc
configure:4074: result: /usr/bin/ld
configure:4081: checking if the linker (/usr/bin/ld) is GNU ld
configure:4096: result: yes
configure:4108: checking for BSD- or MS-compatible name lister (nm)
configure:4157: result: /usr/bin/nm -B
configure:4287: checking the name lister (/usr/bin/nm -B) interface
configure:4294: gcc -c -g -O2  conftest.c >&5
configure:4297: /usr/bin/nm -B "conftest.o"
configure:4300: output
00000000 B some_variable
configure:4307: result: BSD nm
configure:4310: checking whether ln -s works
configure:4314: result: yes
configure:4322: checking the maximum length of command line arguments
configure:4447: result: 1572864
configure:4464: checking whether the shell understands some XSI constructs
configure:4474: result: yes
configure:4478: checking whether the shell understands "+="
configure:4484: result: yes
configure:4519: checking how to convert i686-pc-linux-gnu file names to i686-pc-linux-gnu format
configure:4559: result: func_convert_file_noop
configure:4566: checking how to convert i686-pc-linux-gnu file names to toolchain format
configure:4586: result: func_convert_file_noop
configure:4593: checking for /usr/bin/ld option to reload object files
configure:4600: result: -r
configure:4674: checking for objdump
configure:4690: found /usr/bin/objdump
configure:4701: result: objdump
configure:4733: checking how to recognize dependent libraries
configure:4935: result: pass_all
configure:5020: checking for dlltool
configure:5050: result: no
configure:5080: checking how to associate runtime and link libraries
configure:5107: result: printf %s\n
configure:5168: checking for ar
configure:5184: found /usr/bin/ar
configure:5195: result: ar
configure:5232: checking for archiver @FILE support
configure:5249: gcc -c -g -O2  conftest.c >&5
configure:5249: $? = 0
configure:5252: ar cru libconftest.a @conftest.lst >&5
configure:5255: $? = 0
configure:5260: ar cru libconftest.a @conftest.lst >&5
ar: conftest.o: No such file or directory
configure:5263: $? = 1
configure:5275: result: @
configure:5333: checking for strip
configure:5349: found /usr/bin/strip
configure:5360: result: strip
configure:5432: checking for ranlib
configure:5448: found /usr/bin/ranlib
configure:5459: result: ranlib
configure:5561: checking command to parse /usr/bin/nm -B output from gcc object
configure:5680: gcc -c -g -O2  conftest.c >&5
configure:5683: $? = 0
configure:5687: /usr/bin/nm -B conftest.o \| sed -n -e 's/^.*[ ]\([ABCDGIRSTW][ABCDGIRSTW]*\)[ ][ ]*\([_A-Za-z][_A-Za-z0-9]*\)$/\1 \2 \2/p' | sed '/ __gnu_lto/d' \> conftest.nm
configure:5690: $? = 0
configure:5756: gcc -o conftest -g -O2   conftest.c conftstm.o >&5
configure:5759: $? = 0
configure:5797: result: ok
configure:5834: checking for sysroot
configure:5864: result: no
configure:6107: checking for mt
configure:6123: found /bin/mt
configure:6134: result: mt
configure:6157: checking if mt is a manifest tool
configure:6163: mt '-?'
configure:6171: result: no
configure:6803: checking how to run the C preprocessor
configure:6834: gcc -E  conftest.c
configure:6834: $? = 0
configure:6848: gcc -E  conftest.c
conftest.c:11:28: error: ac_nonexistent.h: No such file or directory
configure:6848: $? = 1
configure: failed program was:
| /* confdefs.h */
| #define PACKAGE_NAME "libmpq"
| #define PACKAGE_TARNAME "libmpq"
| #define PACKAGE_VERSION "0.4.2"
| #define PACKAGE_STRING "libmpq 0.4.2"
| #define PACKAGE_BUGREPORT "mbroemme@plusserver.de"
| #define PACKAGE_URL ""
| #define PACKAGE "libmpq"
| #define VERSION "0.4.2"
| /* end confdefs.h.  */
| #include <ac_nonexistent.h>
configure:6873: result: gcc -E
configure:6893: gcc -E  conftest.c
configure:6893: $? = 0
configure:6907: gcc -E  conftest.c
conftest.c:11:28: error: ac_nonexistent.h: No such file or directory
configure:6907: $? = 1
configure: failed program was:
| /* confdefs.h */
| #define PACKAGE_NAME "libmpq"
| #define PACKAGE_TARNAME "libmpq"
| #define PACKAGE_VERSION "0.4.2"
| #define PACKAGE_STRING "libmpq 0.4.2"
| #define PACKAGE_BUGREPORT "mbroemme@plusserver.de"
| #define PACKAGE_URL ""
| #define PACKAGE "libmpq"
| #define VERSION "0.4.2"
| /* end confdefs.h.  */
| #include <ac_nonexistent.h>
configure:6936: checking for ANSI C header files
configure:6956: gcc -c -g -O2  conftest.c >&5
configure:6956: $? = 0
configure:7029: gcc -o conftest -g -O2   conftest.c  >&5
configure:7029: $? = 0
configure:7029: ./conftest
configure:7029: $? = 0
configure:7040: result: yes
configure:7053: checking for sys/types.h
configure:7053: gcc -c -g -O2  conftest.c >&5
configure:7053: $? = 0
configure:7053: result: yes
configure:7053: checking for sys/stat.h
configure:7053: gcc -c -g -O2  conftest.c >&5
configure:7053: $? = 0
configure:7053: result: yes
configure:7053: checking for stdlib.h
configure:7053: gcc -c -g -O2  conftest.c >&5
configure:7053: $? = 0
configure:7053: result: yes
configure:7053: checking for string.h
configure:7053: gcc -c -g -O2  conftest.c >&5
configure:7053: $? = 0
configure:7053: result: yes
configure:7053: checking for memory.h
configure:7053: gcc -c -g -O2  conftest.c >&5
configure:7053: $? = 0
configure:7053: result: yes
configure:7053: checking for strings.h
configure:7053: gcc -c -g -O2  conftest.c >&5
configure:7053: $? = 0
configure:7053: result: yes
configure:7053: checking for inttypes.h
configure:7053: gcc -c -g -O2  conftest.c >&5
configure:7053: $? = 0
configure:7053: result: yes
configure:7053: checking for stdint.h
configure:7053: gcc -c -g -O2  conftest.c >&5
configure:7053: $? = 0
configure:7053: result: yes
configure:7053: checking for unistd.h
configure:7053: gcc -c -g -O2  conftest.c >&5
configure:7053: $? = 0
configure:7053: result: yes
configure:7067: checking for dlfcn.h
configure:7067: gcc -c -g -O2  conftest.c >&5
configure:7067: $? = 0
configure:7067: result: yes
configure:7254: checking for objdir
configure:7269: result: .libs
configure:7536: checking if gcc supports -fno-rtti -fno-exceptions
configure:7554: gcc -c -g -O2  -fno-rtti -fno-exceptions conftest.c >&5
cc1: warning: command line option "-fno-rtti" is valid for C++/ObjC++ but not for C
configure:7558: $? = 0
configure:7571: result: no
configure:7881: checking for gcc option to produce PIC
configure:7888: result: -fPIC -DPIC
configure:7896: checking if gcc PIC flag -fPIC -DPIC works
configure:7914: gcc -c -g -O2  -fPIC -DPIC -DPIC conftest.c >&5
configure:7918: $? = 0
configure:7931: result: yes
configure:7960: checking if gcc static flag -static works
configure:7988: result: yes
configure:8003: checking if gcc supports -c -o file.o
configure:8024: gcc -c -g -O2  -o out/conftest2.o conftest.c >&5
configure:8028: $? = 0
configure:8050: result: yes
configure:8058: checking if gcc supports -c -o file.o
configure:8105: result: yes
configure:8138: checking whether the gcc linker (/usr/bin/ld) supports shared libraries
configure:9300: result: yes
configure:9337: checking whether -lc should be explicitly linked in
configure:9345: gcc -c -g -O2  conftest.c >&5
configure:9348: $? = 0
configure:9363: gcc -shared  -fPIC -DPIC conftest.o  -v -Wl,-soname -Wl,conftest -o conftest 2\>\&1 \| /bin/grep  -lc  \>/dev/null 2\>\&1
configure:9366: $? = 0
configure:9380: result: no
configure:9545: checking dynamic linker characteristics
configure:10060: gcc -o conftest -g -O2   -Wl,-rpath -Wl,/foo conftest.c  >&5
configure:10060: $? = 0
configure:10294: result: GNU/Linux ld.so
configure:10401: checking how to hardcode library paths into programs
configure:10426: result: immediate
configure:10966: checking whether stripping libraries is possible
configure:10971: result: yes
configure:11006: checking if libtool supports shared libraries
configure:11008: result: yes
configure:11011: checking whether to build shared libraries
configure:11032: result: yes
configure:11035: checking whether to build static libraries
configure:11039: result: yes
configure:11074: checking whether make sets $(MAKE)
configure:11096: result: yes
configure:11153: checking for gcc
configure:11180: result: gcc
configure:11409: checking for C compiler version
configure:11418: gcc --version >&5
gcc (Debian 4.4.5-15) 4.4.5
Copyright (C) 2010 Free Software Foundation, Inc.
This is free software; see the source for copying conditions.  There is NO
warranty; not even for MERCHANTABILITY or FITNESS FOR A PARTICULAR PURPOSE.

configure:11429: $? = 0
configure:11418: gcc -v >&5
Using built-in specs.
Target: i486-linux-gnu
Configured with: ../src/configure -v --with-pkgversion='Debian 4.4.5-15' --with-bugurl=file:///usr/share/doc/gcc-4.4/README.Bugs --enable-languages=c,c++,fortran,objc,obj-c++ --prefix=/usr --program-suffix=-4.4 --enable-shared --enable-multiarch --enable-linker-build-id --with-system-zlib --libexecdir=/usr/lib --without-included-gettext --enable-threads=posix --with-gxx-include-dir=/usr/include/c++/4.4 --libdir=/usr/lib --enable-nls --enable-clocale=gnu --enable-libstdcxx-debug --enable-objc-gc --enable-targets=all --with-arch-32=i586 --with-tune=generic --enable-checking=release --build=i486-linux-gnu --host=i486-linux-gnu --target=i486-linux-gnu
Thread model: posix
gcc version 4.4.5 (Debian 4.4.5-15) 
configure:11429: $? = 0
configure:11418: gcc -V >&5
gcc: '-V' option must have argument
configure:11429: $? = 1
configure:11418: gcc -qversion >&5
gcc: unrecognized option '-qversion'
gcc: no input files
configure:11429: $? = 1
configure:11433: checking whether we are using the GNU C compiler
configure:11461: result: yes
configure:11470: checking whether gcc accepts -g
configure:11531: result: yes
configure:11548: checking for gcc option to accept ISO C89
configure:11625: result: none needed
configure:11652: checking for special C compiler options needed for large files
configure:11697: result: no
configure:11703: checking for _FILE_OFFSET_BITS value needed for large files
configure:11728: gcc -c -g -O2  conftest.c >&5
conftest.c:29: warning: left shift count >= width of type
conftest.c:29: warning: left shift count >= width of type
conftest.c:31: error: size of array 'off_t_is_large' is negative
configure:11728: $? = 1
configure: failed program was:
| /* confdefs.h */
| #define PACKAGE_NAME "libmpq"
| #define PACKAGE_TARNAME "libmpq"
| #define PACKAGE_VERSION "0.4.2"
| #define PACKAGE_STRING "libmpq 0.4.2"
| #define PACKAGE_BUGREPORT "mbroemme@plusserver.de"
| #define PACKAGE_URL ""
| #define PACKAGE "libmpq"
| #define VERSION "0.4.2"
| #define STDC_HEADERS 1
| #define HAVE_SYS_TYPES_H 1
| #define HAVE_SYS_STAT_H 1
| #define HAVE_STDLIB_H 1
| #define HAVE_STRING_H 1
| #define HAVE_MEMORY_H 1
| #define HAVE_STRINGS_H 1
| #define HAVE_INTTYPES_H 1
| #define HAVE_STDINT_H 1
| #define HAVE_UNISTD_H 1
| #define HAVE_DLFCN_H 1
| #define LT_OBJDIR ".libs/"
| /* end confdefs.h.  */
| #include <sys/types.h>
|  /* Check that off_t can represent 2**63 - 1 correctly.
|     We can't simply define LARGE_OFF_T to be 9223372036854775807,
|     since some C++ compilers masquerading as C compilers
|     incorrectly reject 9223372036854775807.  */
| #define LARGE_OFF_T (((off_t) 1 << 62) - 1 + ((off_t) 1 << 62))
|   int off_t_is_large[(LARGE_OFF_T % 2147483629 == 721
| 		       && LARGE_OFF_T % 2147483647 == 1)
| 		      ? 1 : -1];
| int
| main ()
| {
| 
|   ;
|   return 0;
| }
configure:11752: gcc -c -g -O2  conftest.c >&5
configure:11752: $? = 0
configure:11760: result: 64
configure:11843: checking for _LARGEFILE_SOURCE value needed for large files
configure:11862: gcc -o conftest -g -O2   conftest.c  >&5
configure:11862: $? = 0
configure:11890: result: no
configure:11941: checking zlib.h usability
configure:11941: gcc -c -g -O2  conftest.c >&5
configure:11941: $? = 0
configure:11941: result: yes
configure:11941: checking zlib.h presence
configure:11941: gcc -E  conftest.c
configure:11941: $? = 0
configure:11941: result: yes
configure:11941: checking for zlib.h
configure:11941: result: yes
configure:11949: checking for inflateEnd in -lz
configure:11974: gcc -o conftest -g -O2   conftest.c -lz   >&5
configure:11974: $? = 0
configure:11983: result: yes
configure:11998: checking bzlib.h usability
configure:11998: gcc -c -g -O2  conftest.c >&5
configure:11998: $? = 0
configure:11998: result: yes
configure:11998: checking bzlib.h presence
configure:11998: gcc -E  conftest.c
configure:11998: $? = 0
configure:11998: result: yes
configure:11998: checking for bzlib.h
configure:11998: result: yes
configure:12006: checking for BZ2_bzDecompressInit in -lbz2
configure:12031: gcc -o conftest -g -O2   conftest.c -lbz2  -lz  >&5
configure:12031: $? = 0
configure:12040: result: yes
configure:12070: gcc -c -g -O2  conftest.c >&5
configure:12070: $? = 0
configure:12107: checking for a Python interpreter with version >= 2.4
configure:12124: python -c import sys # split strings by '.' and convert to numeric. Append some zeros # because we need at least 4 digits for the hex conversion. # map returns an iterator in Python 3.0 and a list in 2.x minver = list(map(int, '2.4'.split('.'))) + [0, 0, 0] minverhex = 0 # xrange is not present in Python 3.0 and range returns an iterator for i in list(range(0, 4)): minverhex = (minverhex << 8) + minver[i] sys.exit(sys.hexversion < minverhex)
configure:12127: $? = 0
configure:12133: result: python
configure:12141: checking for python
configure:12159: found /usr/bin/python
configure:12171: result: /usr/bin/python
configure:12189: checking for python version
configure:12196: result: 2.6
configure:12208: checking for python platform
configure:12215: result: linux2
configure:12222: checking for python script directory
configure:12251: result: ${prefix}/lib/python2.6/dist-packages
configure:12260: checking for python extension module directory
configure:12289: result: ${exec_prefix}/lib/python2.6/dist-packages
configure:12446: creating ./config.status

## ---------------------- ##
## Running config.status. ##
## ---------------------- ##

This file was extended by libmpq config.status 0.4.2, which was
generated by GNU Autoconf 2.68.  Invocation command line was

  CONFIG_FILES    = 
  CONFIG_HEADERS  = 
  CONFIG_LINKS    = 
  CONFIG_COMMANDS = 
  $ ./config.status 

on Bohr

config.status:1106: creating libmpq.pc
config.status:1106: creating libmpq-config
config.status:1106: creating Makefile
config.status:1106: creating libmpq/Makefile
config.status:1106: creating bindings/Makefile
config.status:1106: creating bindings/d/Makefile
config.status:1106: creating bindings/python/Makefile
config.status:1106: creating doc/Makefile
config.status:1106: creating doc/man1/Makefile
config.status:1106: creating doc/man3/Makefile
config.status:1106: creating tools/Makefile
config.status:1106: creating config.h
config.status:1335: executing libtool commands

## ---------------- ##
## Cache variables. ##
## ---------------- ##

ac_cv_build=i686-pc-linux-gnu
ac_cv_c_compiler_gnu=yes
ac_cv_env_CC_set=
ac_cv_env_CC_value=
ac_cv_env_CFLAGS_set=
ac_cv_env_CFLAGS_value=
ac_cv_env_CPPFLAGS_set=
ac_cv_env_CPPFLAGS_value=
ac_cv_env_CPP_set=
ac_cv_env_CPP_value=
ac_cv_env_LDFLAGS_set=
ac_cv_env_LDFLAGS_value=
ac_cv_env_LIBS_set=
ac_cv_env_LIBS_value=
ac_cv_env_build_alias_set=
ac_cv_env_build_alias_value=
ac_cv_env_host_alias_set=
ac_cv_env_host_alias_value=
ac_cv_env_target_alias_set=
ac_cv_env_target_alias_value=
ac_cv_header_bzlib_h=yes
ac_cv_header_dlfcn_h=yes
ac_cv_header_inttypes_h=yes
ac_cv_header_memory_h=yes
ac_cv_header_stdc=yes
ac_cv_header_stdint_h=yes
ac_cv_header_stdlib_h=yes
ac_cv_header_string_h=yes
ac_cv_header_strings_h=yes
ac_cv_header_sys_stat_h=yes
ac_cv_header_sys_types_h=yes
ac_cv_header_unistd_h=yes
ac_cv_header_zlib_h=yes
ac_cv_host=i686-pc-linux-gnu
ac_cv_lib_bz2_BZ2_bzDecompressInit=yes
ac_cv_lib_z_inflateEnd=yes
ac_cv_objext=o
ac_cv_path_EGREP='/bin/grep -E'
ac_cv_path_FGREP='/bin/grep -F'
ac_cv_path_GREP=/bin/grep
ac_cv_path_PYTHON=/usr/bin/python
ac_cv_path_SED=/bin/sed
ac_cv_path_install='/usr/bin/install -c'
ac_cv_path_mkdir=/bin/mkdir
ac_cv_prog_AWK=mawk
ac_cv_prog_CPP='gcc -E'
ac_cv_prog_ac_ct_AR=ar
ac_cv_prog_ac_ct_CC=gcc
ac_cv_prog_ac_ct_MANIFEST_TOOL=mt
ac_cv_prog_ac_ct_OBJDUMP=objdump
ac_cv_prog_ac_ct_RANLIB=ranlib
ac_cv_prog_ac_ct_STRIP=strip
ac_cv_prog_cc_c89=
ac_cv_prog_cc_g=yes
ac_cv_prog_make_make_set=yes
ac_cv_sys_file_offset_bits=64
ac_cv_sys_largefile_CC=no
ac_cv_sys_largefile_source=no
ac_cv_target=i686-pc-linux-gnu
am_cv_pathless_PYTHON=python
am_cv_python_platform=linux2
am_cv_python_pyexecdir='${exec_prefix}/lib/python2.6/dist-packages'
am_cv_python_pythondir='${prefix}/lib/python2.6/dist-packages'
am_cv_python_version=2.6
lt_cv_ar_at_file=@
lt_cv_archive_cmds_need_lc=no
lt_cv_deplibs_check_method=pass_all
lt_cv_file_magic_cmd='$MAGIC_CMD'
lt_cv_file_magic_test_file=
lt_cv_ld_reload_flag=-r
lt_cv_nm_interface='BSD nm'
lt_cv_objdir=.libs
lt_cv_path_LD=/usr/bin/ld
lt_cv_path_NM='/usr/bin/nm -B'
lt_cv_path_mainfest_tool=no
lt_cv_prog_compiler_c_o=yes
lt_cv_prog_compiler_pic='-fPIC -DPIC'
lt_cv_prog_compiler_pic_works=yes
lt_cv_prog_compiler_rtti_exceptions=no
lt_cv_prog_compiler_static_works=yes
lt_cv_prog_gnu_ld=yes
lt_cv_sharedlib_from_linklib_cmd='printf %s\n'
lt_cv_shlibpath_overrides_runpath=no
lt_cv_sys_global_symbol_pipe='sed -n -e '\''s/^.*[	 ]\([ABCDGIRSTW][ABCDGIRSTW]*\)[	 ][	 ]*\([_A-Za-z][_A-Za-z0-9]*\)$/\1 \2 \2/p'\'' | sed '\''/ __gnu_lto/d'\'''
lt_cv_sys_global_symbol_to_c_name_address='sed -n -e '\''s/^: \([^ ]*\)[ ]*$/  {\"\1\", (void *) 0},/p'\'' -e '\''s/^[ABCDGIRSTW]* \([^ ]*\) \([^ ]*\)$/  {"\2", (void *) \&\2},/p'\'''
lt_cv_sys_global_symbol_to_c_name_address_lib_prefix='sed -n -e '\''s/^: \([^ ]*\)[ ]*$/  {\"\1\", (void *) 0},/p'\'' -e '\''s/^[ABCDGIRSTW]* \([^ ]*\) \(lib[^ ]*\)$/  {"\2", (void *) \&\2},/p'\'' -e '\''s/^[ABCDGIRSTW]* \([^ ]*\) \([^ ]*\)$/  {"lib\2", (void *) \&\2},/p'\'''
lt_cv_sys_global_symbol_to_cdecl='sed -n -e '\''s/^T .* \(.*\)$/extern int \1();/p'\'' -e '\''s/^[ABCDGIRSTW]* .* \(.*\)$/extern char \1;/p'\'''
lt_cv_sys_max_cmd_len=1572864
lt_cv_to_host_file_cmd=func_convert_file_noop
lt_cv_to_tool_file_cmd=func_convert_file_noop

## ----------------- ##
## Output variables. ##
## ----------------- ##

ACLOCAL='${SHELL} /home/para/dev/libmpqsc2/libmpq/missing --run aclocal-1.11'
AMTAR='${SHELL} /home/para/dev/libmpqsc2/libmpq/missing --run tar'
AR='ar'
AUTOCONF='${SHELL} /home/para/dev/libmpqsc2/libmpq/missing --run autoconf'
AUTOHEADER='${SHELL} /home/para/dev/libmpqsc2/libmpq/missing --run autoheader'
AUTOMAKE='${SHELL} /home/para/dev/libmpqsc2/libmpq/missing --run automake-1.11'
AWK='mawk'
CC='gcc'
CFLAGS='-g -O2 -fvisibility=hidden'
CPP='gcc -E'
CPPFLAGS=''
CYGPATH_W='echo'
DEFS='-DHAVE_CONFIG_H'
DLLTOOL='false'
DSYMUTIL=''
DUMPBIN=''
ECHO_C=''
ECHO_N='-n'
ECHO_T=''
EGREP='/bin/grep -E'
EXEEXT=''
FGREP='/bin/grep -F'
GREP='/bin/grep'
HAVE_PYTHON_FALSE='#'
HAVE_PYTHON_TRUE=''
INSTALL_DATA='${INSTALL} -m 644'
INSTALL_PROGRAM='${INSTALL}'
INSTALL_SCRIPT='${INSTALL}'
INSTALL_STRIP_PROGRAM='$(install_sh) -c -s'
LD='/usr/bin/ld'
LDFLAGS=''
LFS_CFLAGS='-D_FILE_OFFSET_BITS=64 -D_LARGE_FILES=1'
LIBOBJS=''
LIBS='-lbz2 -lz '
LIBTOOL='$(SHELL) $(top_builddir)/libtool'
LIPO=''
LN_S='ln -s'
LTLIBOBJS=''
MAKEINFO='${SHELL} /home/para/dev/libmpqsc2/libmpq/missing --run makeinfo'
MANIFEST_TOOL=':'
MKDIR_P='/bin/mkdir -p'
NM='/usr/bin/nm -B'
NMEDIT=''
OBJDUMP='objdump'
OBJEXT='o'
OTOOL64=''
OTOOL=''
PACKAGE='libmpq'
PACKAGE_BUGREPORT='mbroemme@plusserver.de'
PACKAGE_NAME='libmpq'
PACKAGE_STRING='libmpq 0.4.2'
PACKAGE_TARNAME='libmpq'
PACKAGE_URL=''
PACKAGE_VERSION='0.4.2'
PATH_SEPARATOR=':'
PYTHON='/usr/bin/python'
PYTHON_EXEC_PREFIX='${exec_prefix}'
PYTHON_PLATFORM='linux2'
PYTHON_PREFIX='${prefix}'
PYTHON_VERSION='2.6'
RANLIB='ranlib'
SED='/bin/sed'
SET_MAKE=''
SHELL='/bin/bash'
STRIP='strip'
VERSION='0.4.2'
ac_ct_AR='ar'
ac_ct_CC='gcc'
ac_ct_DUMPBIN=''
am__EXEEXT_FALSE=''
am__EXEEXT_TRUE='#'
am__isrc=''
am__leading_dot='.'
am__tar='${AMTAR} chof - "$$tardir"'
am__untar='${AMTAR} xf -'
bindir='${exec_prefix}/bin'
build='i686-pc-linux-gnu'
build_alias=''
build_cpu='i686'
build_os='linux-gnu'
build_vendor='pc'
datadir='${datarootdir}'
datarootdir='${prefix}/share'
docdir='${datarootdir}/doc/${PACKAGE_TARNAME}'
dvidir='${docdir}'
exec_prefix='${prefix}'
host='i686-pc-linux-gnu'
host_alias=''
host_cpu='i686'
host_os='linux-gnu'
host_vendor='pc'
htmldir='${docdir}'
includedir='${prefix}/include'
infodir='${datarootdir}/info'
install_sh='${SHELL} /home/para/dev/libmpqsc2/libmpq/install-sh'
libdir='${exec_prefix}/lib'
libexecdir='${exec_prefix}/libexec'
localedir='${datarootdir}/locale'
localstatedir='${prefix}/var'
mandir='${datarootdir}/man'
mkdir_p='/bin/mkdir -p'
oldincludedir='/usr/include'
pdfdir='${docdir}'
pkgpyexecdir='${pyexecdir}/libmpq'
pkgpythondir='${pythondir}/libmpq'
prefix='/usr/local'
program_transform_name='s,x,x,'
psdir='${docdir}'
pyexecdir='${exec_prefix}/lib/python2.6/dist-packages'
pythondir='${prefix}/lib/python2.6/dist-packages'
sbindir='${exec_prefix}/sbin'
sharedstatedir='${prefix}/com'
sysconfdir='${prefix}/etc'
target='i686-pc-linux-gnu'
target_alias=''
target_cpu='i686'
target_os='linux-gnu'
target_vendor='pc'

## ----------- ##
## confdefs.h. ##
## ----------- ##

/* confdefs.h */
#define PACKAGE_NAME "libmpq"
#define PACKAGE_TARNAME "libmpq"
#define PACKAGE_VERSION "0.4.2"
#define PACKAGE_STRING "libmpq 0.4.2"
#define PACKAGE_BUGREPORT "mbroemme@plusserver.de"
#define PACKAGE_URL ""
#define PACKAGE "libmpq"
#define VERSION "0.4.2"
#define STDC_HEADERS 1
#define HAVE_SYS_TYPES_H 1
#define HAVE_SYS_STAT_H 1
#define HAVE_STDLIB_H 1
#define HAVE_STRING_H 1
#define HAVE_MEMORY_H 1
#define HAVE_STRINGS_H 1
#define HAVE_INTTYPES_H 1
#define HAVE_STDINT_H 1
#define HAVE_UNISTD_H 1
#define HAVE_DLFCN_H 1
#define LT_OBJDIR ".libs/"
#define _FILE_OFFSET_BITS 64
#define HAVE_FSEEKO 1
#define HAVE_LIBZ 1
#define HAVE_LIBBZ2 1

configure: exit 0
